<?xml version="1.0" encoding="utf-8"?><testsuites name="pytest tests"><testsuite name="pytest" errors="0" failures="0" skipped="0" tests="10" time="8.266" timestamp="2026-07-30T15:47:54.897394+00:00" hostname="agent-env-bfb3de1a-ecc1-44a8-a0df-8fb7fca39373"><testcase classname="tests.backend_test.TestRsvp" name="test_confirm_upsert" time="0.324" /><testcase classname="tests.backend_test.TestChat" name="test_chat_stream_basic" time="2.313" /><testcase classname="tests.backend_test.TestRsvp" name="test_get_by_id" time="0.216" /><testcase classname="tests.backend_test.TestRsvp" name="test_all_contains" time="0.115" /><testcase classname="tests.backend_test.TestRsvp" name="test_confirm_update_status" time="0.206" /><testcase classname="tests.backend_test.TestRsvp" name="test_confirm_invalid_status" time="0.077" /><testcase classname="tests.backend_test.TestRsvp" name="test_get_unknown_returns_empty" time="0.094" /><testcase classname="tests.backend_test" name="test_root" time="0.115" /><testcase classname="tests.backend_test.TestChat" name="test_chat_history_persisted" time="3.089" /><testcase classname="tests.backend_test.TestChat" name="test_chat_action_tokens" time="2.239" /></testsuite></testsuites>